This is pdfTeX, Version 3.141592653-2.6-1.40.25 (MiKTeX 23.10.12) (preloaded format=pdflatex 2024.6.17)  12 JUL 2024 20:50
entering extended mode
 restricted \write18 enabled.
 file:line:error style messages enabled.
 %&-line parsing enabled.
**c:/Users/monda/OneDrive/Desktop/fyp/thesis/fyp.tex
(c:/Users/monda/OneDrive/Desktop/fyp/thesis/fyp.tex
LaTeX2e <2023-11-01>
L3 programming layer <2023-11-01>
(C:\Users\monda\AppData\Local\Programs\MiKTeX\tex/latex/base\report.cls
Document Class: report 2023/05/17 v1.4n Standard LaTeX document class
(C:\Users\monda\AppData\Local\Programs\MiKTeX\tex/latex/base\size10.clo
File: size10.clo 2023/05/17 v1.4n Standard LaTeX file (size option)
)
\c@part=\count186
\c@chapter=\count187
\c@section=\count188
\c@subsection=\count189
\c@subsubsection=\count190
\c@paragraph=\count191
\c@subparagraph=\count192
\c@figure=\count193
\c@table=\count194
\abovecaptionskip=\skip48
\belowcaptionskip=\skip49
\bibindent=\dimen140
) (C:\Users\monda\AppData\Local\Programs\MiKTeX\tex/latex/geometry\geometry.sty
Package: geometry 2020/01/02 v5.9 Page Geometry
 (C:\Users\monda\AppData\Local\Programs\MiKTeX\tex/latex/graphics\keyval.sty
Package: keyval 2022/05/29 v1.15 key=value parser (DPC)
\KV@toks@=\toks17
) (C:\Users\monda\AppData\Local\Programs\MiKTeX\tex/generic/iftex\ifvtex.sty
Package: ifvtex 2019/10/25 v1.7 ifvtex legacy package. Use iftex instead.
 (C:\Users\monda\AppData\Local\Programs\MiKTeX\tex/generic/iftex\iftex.sty
Package: iftex 2022/02/03 v1.0f TeX engine tests
))
\Gm@cnth=\count195
\Gm@cntv=\count196
\c@Gm@tempcnt=\count197
\Gm@bindingoffset=\dimen141
\Gm@wd@mp=\dimen142
\Gm@odd@mp=\dimen143
\Gm@even@mp=\dimen144
\Gm@layoutwidth=\dimen145
\Gm@layoutheight=\dimen146
\Gm@layouthoffset=\dimen147
\Gm@layoutvoffset=\dimen148
\Gm@dimlist=\toks18
 (C:\Users\monda\AppData\Local\Programs\MiKTeX\tex/latex/geometry\geometry.cfg)) (C:\Users\monda\AppData\Local\Programs\MiKTeX\tex/latex/setspace\setspace.sty
Package: setspace 2022/12/04 v6.7b set line spacing
) (C:\Users\monda\AppData\Local\Programs\MiKTeX\tex/latex/graphics\graphicx.sty
Package: graphicx 2021/09/16 v1.2d Enhanced LaTeX Graphics (DPC,SPQR)
 (C:\Users\monda\AppData\Local\Programs\MiKTeX\tex/latex/graphics\graphics.sty
Package: graphics 2022/03/10 v1.4e Standard LaTeX Graphics (DPC,SPQR)
 (C:\Users\monda\AppData\Local\Programs\MiKTeX\tex/latex/graphics\trig.sty
Package: trig 2021/08/11 v1.11 sin cos tan (DPC)
) (C:\Users\monda\AppData\Local\Programs\MiKTeX\tex/latex/graphics-cfg\graphics.cfg
File: graphics.cfg 2016/06/04 v1.11 sample graphics configuration
)
Package graphics Info: Driver file: pdftex.def on input line 107.
 (C:\Users\monda\AppData\Local\Programs\MiKTeX\tex/latex/graphics-def\pdftex.def
File: pdftex.def 2022/09/22 v1.2b Graphics/color driver for pdftex
))
\Gin@req@height=\dimen149
\Gin@req@width=\dimen150
) (C:\Users\monda\AppData\Local\Programs\MiKTeX\tex/latex/amsmath\amsmath.sty
Package: amsmath 2023/05/13 v2.17o AMS math features
\@mathmargin=\skip50

For additional information on amsmath, use the `?' option.
(C:\Users\monda\AppData\Local\Programs\MiKTeX\tex/latex/amsmath\amstext.sty
Package: amstext 2021/08/26 v2.01 AMS text
 (C:\Users\monda\AppData\Local\Programs\MiKTeX\tex/latex/amsmath\amsgen.sty
File: amsgen.sty 1999/11/30 v2.0 generic functions
\@emptytoks=\toks19
\ex@=\dimen151
)) (C:\Users\monda\AppData\Local\Programs\MiKTeX\tex/latex/amsmath\amsbsy.sty
Package: amsbsy 1999/11/29 v1.2d Bold Symbols
\pmbraise@=\dimen152
) (C:\Users\monda\AppData\Local\Programs\MiKTeX\tex/latex/amsmath\amsopn.sty
Package: amsopn 2022/04/08 v2.04 operator names
)
\inf@bad=\count198
LaTeX Info: Redefining \frac on input line 234.
\uproot@=\count199
\leftroot@=\count266
LaTeX Info: Redefining \overline on input line 399.
LaTeX Info: Redefining \colon on input line 410.
\classnum@=\count267
\DOTSCASE@=\count268
LaTeX Info: Redefining \ldots on input line 496.
LaTeX Info: Redefining \dots on input line 499.
LaTeX Info: Redefining \cdots on input line 620.
\Mathstrutbox@=\box51
\strutbox@=\box52
LaTeX Info: Redefining \big on input line 722.
LaTeX Info: Redefining \Big on input line 723.
LaTeX Info: Redefining \bigg on input line 724.
LaTeX Info: Redefining \Bigg on input line 725.
\big@size=\dimen153
LaTeX Font Info:    Redeclaring font encoding OML on input line 743.
LaTeX Font Info:    Redeclaring font encoding OMS on input line 744.
\macc@depth=\count269
LaTeX Info: Redefining \bmod on input line 905.
LaTeX Info: Redefining \pmod on input line 910.
LaTeX Info: Redefining \smash on input line 940.
LaTeX Info: Redefining \relbar on input line 970.
LaTeX Info: Redefining \Relbar on input line 971.
\c@MaxMatrixCols=\count270
\dotsspace@=\muskip16
\c@parentequation=\count271
\dspbrk@lvl=\count272
\tag@help=\toks20
\row@=\count273
\column@=\count274
\maxfields@=\count275
\andhelp@=\toks21
\eqnshift@=\dimen154
\alignsep@=\dimen155
\tagshift@=\dimen156
\tagwidth@=\dimen157
\totwidth@=\dimen158
\lineht@=\dimen159
\@envbody=\toks22
\multlinegap=\skip51
\multlinetaggap=\skip52
\mathdisplay@stack=\toks23
LaTeX Info: Redefining \[ on input line 2953.
LaTeX Info: Redefining \] on input line 2954.
) (C:\Users\monda\AppData\Local\Programs\MiKTeX\tex/latex/amsfonts\amssymb.sty
Package: amssymb 2013/01/14 v3.01 AMS font symbols
 (C:\Users\monda\AppData\Local\Programs\MiKTeX\tex/latex/amsfonts\amsfonts.sty
Package: amsfonts 2013/01/14 v3.01 Basic AMSFonts support
\symAMSa=\mathgroup4
\symAMSb=\mathgroup5
LaTeX Font Info:    Redeclaring math symbol \hbar on input line 98.
LaTeX Font Info:    Overwriting math alphabet `\mathfrak' in version `bold'
(Font)                  U/euf/m/n --> U/euf/b/n on input line 106.
)) (C:\Users\monda\AppData\Local\Programs\MiKTeX\tex/latex/titlesec\titlesec.sty
Package: titlesec 2023/10/27 v2.16 Sectioning titles
\ttl@box=\box53
\beforetitleunit=\skip53
\aftertitleunit=\skip54
\ttl@plus=\dimen160
\ttl@minus=\dimen161
\ttl@toksa=\toks24
\titlewidth=\dimen162
\titlewidthlast=\dimen163
\titlewidthfirst=\dimen164
) (C:\Users\monda\AppData\Local\Programs\MiKTeX\tex/latex/tocloft\tocloft.sty
Package: tocloft 2017/08/31 v2.3i parameterised ToC, etc., typesetting
Package tocloft Info: The document has chapter divisions on input line 51.
\cftparskip=\skip55
\cftbeforetoctitleskip=\skip56
\cftaftertoctitleskip=\skip57
\cftbeforepartskip=\skip58
\cftpartnumwidth=\skip59
\cftpartindent=\skip60
\cftbeforechapskip=\skip61
\cftchapindent=\skip62
\cftchapnumwidth=\skip63
\cftbeforesecskip=\skip64
\cftsecindent=\skip65
\cftsecnumwidth=\skip66
\cftbeforesubsecskip=\skip67
\cftsubsecindent=\skip68
\cftsubsecnumwidth=\skip69
\cftbeforesubsubsecskip=\skip70
\cftsubsubsecindent=\skip71
\cftsubsubsecnumwidth=\skip72
\cftbeforeparaskip=\skip73
\cftparaindent=\skip74
\cftparanumwidth=\skip75
\cftbeforesubparaskip=\skip76
\cftsubparaindent=\skip77
\cftsubparanumwidth=\skip78
\cftbeforeloftitleskip=\skip79
\cftafterloftitleskip=\skip80
\cftbeforefigskip=\skip81
\cftfigindent=\skip82
\cftfignumwidth=\skip83
\c@lofdepth=\count276
\c@lotdepth=\count277
\cftbeforelottitleskip=\skip84
\cftafterlottitleskip=\skip85
\cftbeforetabskip=\skip86
\cfttabindent=\skip87
\cfttabnumwidth=\skip88
) (C:\Users\monda\AppData\Local\Programs\MiKTeX\tex/latex/fancyhdr\fancyhdr.sty
Package: fancyhdr 2022/11/09 v4.1 Extensive control of page headers and footers
\f@nch@headwidth=\skip89
\f@nch@O@elh=\skip90
\f@nch@O@erh=\skip91
\f@nch@O@olh=\skip92
\f@nch@O@orh=\skip93
\f@nch@O@elf=\skip94
\f@nch@O@erf=\skip95
\f@nch@O@olf=\skip96
\f@nch@O@orf=\skip97
) (C:\Users\monda\AppData\Local\Programs\MiKTeX\tex/latex/lipsum\lipsum.sty (C:\Users\monda\AppData\Local\Programs\MiKTeX\tex/latex/l3packages/l3keys2e\l3keys2e.sty (C:\Users\monda\AppData\Local\Programs\MiKTeX\tex/latex/l3kernel\expl3.sty
Package: expl3 2023-11-01 L3 programming layer (loader) 
 (C:\Users\monda\AppData\Local\Programs\MiKTeX\tex/latex/l3backend\l3backend-pdftex.def
File: l3backend-pdftex.def 2023-10-23 L3 backend support: PDF output (pdfTeX)
\l__color_backend_stack_int=\count278
\l__pdf_internal_box=\box54
))
Package: l3keys2e 2023-10-10 LaTeX2e option processing using LaTeX3 keys
)
Package: lipsum 2021-09-20 v2.7 150 paragraphs of Lorem Ipsum dummy text
\g__lipsum_par_int=\count279
\l__lipsum_a_int=\count280
\l__lipsum_b_int=\count281
 (C:\Users\monda\AppData\Local\Programs\MiKTeX\tex/latex/lipsum\lipsum.ltd.tex)) (C:\Users\monda\AppData\Local\Programs\MiKTeX\tex/latex/apacite\apacite.sty
Package: apacite 2013/07/21 v6.03 APA citation
\c@BibCnt=\count282
\bibleftmargin=\skip98
\bibindent=\skip99
\bibparsep=\skip100
\bibitemsep=\skip101
\biblabelsep=\skip102
) (C:\Users\monda\AppData\Local\Programs\MiKTeX\tex/latex/url\url.sty
\Urlmuskip=\muskip17
Package: url 2013/09/16  ver 3.4  Verb mode for urls, etc.
) (C:\Users\monda\AppData\Local\Programs\MiKTeX\tex/latex/graphics\color.sty
Package: color 2022/01/06 v1.3d Standard LaTeX Color (DPC)
 (C:\Users\monda\AppData\Local\Programs\MiKTeX\tex/latex/graphics-cfg\color.cfg
File: color.cfg 2016/01/02 v1.6 sample color configuration
)
Package color Info: Driver file: pdftex.def on input line 149.
 (C:\Users\monda\AppData\Local\Programs\MiKTeX\tex/latex/graphics\mathcolor.ltx)) (C:\Users\monda\AppData\Local\Programs\MiKTeX\tex/latex/listings\listings.sty
\lst@mode=\count283
\lst@gtempboxa=\box55
\lst@token=\toks25
\lst@length=\count284
\lst@currlwidth=\dimen165
\lst@column=\count285
\lst@pos=\count286
\lst@lostspace=\dimen166
\lst@width=\dimen167
\lst@newlines=\count287
\lst@lineno=\count288
\lst@maxwidth=\dimen168
 (C:\Users\monda\AppData\Local\Programs\MiKTeX\tex/latex/listings\lstmisc.sty
File: lstmisc.sty 2023/02/27 1.9 (Carsten Heinz)
\c@lstnumber=\count289
\lst@skipnumbers=\count290
\lst@framebox=\box56
) (C:\Users\monda\AppData\Local\Programs\MiKTeX\tex/latex/listings\listings.cfg
File: listings.cfg 2023/02/27 1.9 listings configuration
))
Package: listings 2023/02/27 1.9 (Carsten Heinz)
 (C:\Users\monda\AppData\Local\Programs\MiKTeX\tex/latex/algorithms\algorithm.sty
Package: algorithm 2009/08/24 v0.1 Document Style `algorithm' - floating environment
 (C:\Users\monda\AppData\Local\Programs\MiKTeX\tex/latex/float\float.sty
Package: float 2001/11/08 v1.3d Float enhancements (AL)
\c@float@type=\count291
\float@exts=\toks26
\float@box=\box57
\@float@everytoks=\toks27
\@floatcapt=\box58
) (C:\Users\monda\AppData\Local\Programs\MiKTeX\tex/latex/base\ifthen.sty
Package: ifthen 2022/04/13 v1.1d Standard LaTeX ifthen package (DPC)
)
\@float@every@algorithm=\toks28
\c@algorithm=\count292
) (C:\Users\monda\AppData\Local\Programs\MiKTeX\tex/latex/algorithms\algorithmic.sty
Package: algorithmic 2009/08/24 v0.1 Document Style `algorithmic'
\c@ALC@unique=\count293
\c@ALC@line=\count294
\c@ALC@rem=\count295
\c@ALC@depth=\count296
\ALC@tlm=\skip103
\algorithmicindent=\skip104
) (C:\Users\monda\AppData\Local\Programs\MiKTeX\tex/latex/tools\tabularx.sty
Package: tabularx 2023/07/08 v2.11c `tabularx' package (DPC)
 (C:\Users\monda\AppData\Local\Programs\MiKTeX\tex/latex/tools\array.sty
Package: array 2023/10/16 v2.5g Tabular extension package (FMi)
\col@sep=\dimen169
\ar@mcellbox=\box59
\extrarowheight=\dimen170
\NC@list=\toks29
\extratabsurround=\skip105
\backup@length=\skip106
\ar@cellbox=\box60
)
\TX@col@width=\dimen171
\TX@old@table=\dimen172
\TX@old@col=\dimen173
\TX@target=\dimen174
\TX@delta=\dimen175
\TX@cols=\count297
\TX@ftn=\toks30
) (C:\Users\monda\AppData\Local\Programs\MiKTeX\tex/latex/textcase\textcase.sty
Package: textcase 2023/07/27 v1.04 Text only upper/lower case changing (DPC)
Package textcase Info: Defining Legacy names on input line 20.
) (C:\Users\monda\AppData\Local\Programs\MiKTeX\tex/latex/fontsize\fontsize.sty
Package: fontsize 2021/08/04 v0.8.5 'fontsize' package. Set main font sizes (Ivan Valbusa)
 (C:\Users\monda\AppData\Local\Programs\MiKTeX\tex/latex/xkeyval\xkeyval.sty
Package: xkeyval 2022/06/16 v2.9 package option processing (HA)
 (C:\Users\monda\AppData\Local\Programs\MiKTeX\tex/generic/xkeyval\xkeyval.tex (C:\Users\monda\AppData\Local\Programs\MiKTeX\tex/generic/xkeyval\xkvutils.tex
\XKV@toks=\toks31
\XKV@tempa@toks=\toks32
)
\XKV@depth=\count298
File: xkeyval.tex 2014/12/03 v2.7a key=value parser (HA)
)) (C:\Users\monda\AppData\Local\Programs\MiKTeX\tex/latex/l3packages/xfp\xfp.sty
Package: xfp 2023-10-10 L3 Floating point unit
)) (fyp.aux)
\openout1 = `fyp.aux'.

LaTeX Font Info:    Checking defaults for OML/cmm/m/it on input line 65.
LaTeX Font Info:    ... okay on input line 65.
LaTeX Font Info:    Checking defaults for OMS/cmsy/m/n on input line 65.
LaTeX Font Info:    ... okay on input line 65.
LaTeX Font Info:    Checking defaults for OT1/cmr/m/n on input line 65.
LaTeX Font Info:    ... okay on input line 65.
LaTeX Font Info:    Checking defaults for T1/cmr/m/n on input line 65.
LaTeX Font Info:    ... okay on input line 65.
LaTeX Font Info:    Checking defaults for TS1/cmr/m/n on input line 65.
LaTeX Font Info:    ... okay on input line 65.
LaTeX Font Info:    Checking defaults for OMX/cmex/m/n on input line 65.
LaTeX Font Info:    ... okay on input line 65.
LaTeX Font Info:    Checking defaults for U/cmr/m/n on input line 65.
LaTeX Font Info:    ... okay on input line 65.

*geometry* driver: auto-detecting
*geometry* detected driver: pdftex
*geometry* verbose mode - [ preamble ] result:
* driver: pdftex
* paper: a4paper
* layout: <same size as paper>
* layoutoffset:(h,v)=(0.0pt,0.0pt)
* bindingoffset: 17.07164pt
* modes: twoside 
* h-part:(L,W,R)=(61.45795pt, 426.79134pt, 92.18695pt)
* v-part:(T,H,B)=(78.24507pt, 665.39513pt, 101.40665pt)
* \paperwidth=597.50787pt
* \paperheight=845.04684pt
* \textwidth=426.79134pt
* \textheight=665.39513pt
* \oddsidemargin=6.2596pt
* \evensidemargin=19.91696pt
* \topmargin=-31.02492pt
* \headheight=12.0pt
* \headsep=25.0pt
* \topskip=10.0pt
* \footskip=30.0pt
* \marginparwidth=111.0pt
* \marginparsep=11.0pt
* \columnsep=10.0pt
* \skip\footins=8.99997pt plus 3.99956pt minus 2.00041pt
* \hoffset=0.0pt
* \voffset=0.0pt
* \mag=1000
* \@twocolumnfalse
* \@twosidetrue
* \@mparswitchtrue
* \@reversemarginfalse
* (1in=72.27pt=25.4mm, 1cm=28.453pt)

(C:\Users\monda\AppData\Local\Programs\MiKTeX\tex/context/base/mkii\supp-pdf.mkii
[Loading MPS to PDF converter (version 2006.09.02).]
\scratchcounter=\count299
\scratchdimen=\dimen176
\scratchbox=\box61
\nofMPsegments=\count300
\nofMParguments=\count301
\everyMPshowfont=\toks33
\MPscratchCnt=\count302
\MPscratchDim=\dimen177
\MPnumerator=\count303
\makeMPintoPDFobject=\count304
\everyMPtoPDFconversion=\toks34
) (C:\Users\monda\AppData\Local\Programs\MiKTeX\tex/latex/epstopdf-pkg\epstopdf-base.sty
Package: epstopdf-base 2020-01-24 v2.11 Base part for package epstopdf
Package epstopdf-base Info: Redefining graphics rule for `.eps' on input line 485.
 (C:\Users\monda\AppData\Local\Programs\MiKTeX\tex/latex/00miktex\epstopdf-sys.cfg
File: epstopdf-sys.cfg 2021/03/18 v2.0 Configuration of epstopdf for MiKTeX
))
\c@maskedRefs=\count305
 (C:\Users\monda\AppData\Local\Programs\MiKTeX\tex/latex/apacite\english.apc
File: english.apc 2013/07/21 v6.03 apacite language file
LaTeX Info: Redefining \BPBI on input line 129.
LaTeX Info: Redefining \BHBI on input line 130.
)
\c@lstlisting=\count306


LaTeX Font Warning: Font shape `OT1/cmr/m/n' in size <13> not available
(Font)              size <12> substituted on input line 66.

<aul_logo.png, id=1, 225.84375pt x 107.65219pt>
File: aul_logo.png Graphic file (type png)
<use aul_logo.png>
Package pdftex.def Info: aul_logo.png  used on input line 70.
(pdftex.def)             Requested size: 170.71393pt x 81.37791pt.

LaTeX Font Warning: Font shape `OT1/cmr/m/sc' in size <13> not available
(Font)              size <12> substituted on input line 72.


Overfull \hbox (22.4596pt too wide) in paragraph at lines 84--85
 [][] 
 []

[1

{C:/Users/monda/AppData/Local/MiKTeX/fonts/map/pdftex/pdftex.map} <./aul_logo.png>] [1]

LaTeX Font Warning: Font shape `OT1/cmr/bx/n' in size <13> not available
(Font)              size <12> substituted on input line 118.

[1] (fyp.toc
LaTeX Font Info:    Calculating math sizes for size <13> on input line 1.


LaTeX Font Warning: Font shape `OT1/cmr/m/n' in size <6.5> not available
(Font)              size <6> substituted on input line 1.


LaTeX Font Warning: Font shape `OML/cmm/m/it' in size <13> not available
(Font)              size <12> substituted on input line 1.


LaTeX Font Warning: Font shape `OML/cmm/m/it' in size <6.5> not available
(Font)              size <6> substituted on input line 1.


LaTeX Font Warning: Font shape `OMS/cmsy/m/n' in size <13> not available
(Font)              size <12> substituted on input line 1.


LaTeX Font Warning: Font shape `OMS/cmsy/m/n' in size <6.5> not available
(Font)              size <6> substituted on input line 1.

LaTeX Font Info:    Trying to load font information for U+msa on input line 1.
(C:\Users\monda\AppData\Local\Programs\MiKTeX\tex/latex/amsfonts\umsa.fd
File: umsa.fd 2013/01/14 v3.01 AMS symbols A
)
LaTeX Font Info:    Trying to load font information for U+msb on input line 1.
 (C:\Users\monda\AppData\Local\Programs\MiKTeX\tex/latex/amsfonts\umsb.fd
File: umsb.fd 2013/01/14 v3.01 AMS symbols B
) [2]
Overfull \hbox (21.93785pt too wide) in paragraph at lines 37--37
 [][] []\OT1/cmr/m/n/12 Implicit Method(Predictor-Corrector Al-go-rithm): Adams-Moulton Method 
 []

)
\tf@toc=\write3
\openout3 = `fyp.toc'.

 [3] (fyp.lof)
\tf@lof=\write4
\openout4 = `fyp.lof'.

 (fyp.lot
Underfull \vbox (badness 10000) has occurred while \output is active []

 [4])
\tf@lot=\write5
\openout5 = `fyp.lot'.

 [5] (chapters/1/chapter1.tex [6

]
Chapter 1.

LaTeX Font Warning: Font shape `OT1/cmr/m/sl' in size <13> not available
(Font)              size <12> substituted on input line 13.


LaTeX Font Warning: Font shape `OT1/cmr/m/it' in size <13> not available
(Font)              size <12> substituted on input line 14.


Underfull \vbox (badness 10000) has occurred while \output is active []

 [7

] [8]

LaTeX Font Warning: Font shape `TS1/cmr/m/n' in size <13> not available
(Font)              size <12> substituted on input line 41.

[9] [10] [11] [12] [13] [14] [15]) (chapters/2/chapter2.tex [16]
Chapter 2.
[17

] [18] [19]
<chapters/2/StiffEquationNumericalSolvers.svg.png, id=85, 752.8125pt x 292.09125pt>
File: chapters/2/StiffEquationNumericalSolvers.svg.png Graphic file (type png)
<use chapters/2/StiffEquationNumericalSolvers.svg.png>
Package pdftex.def Info: chapters/2/StiffEquationNumericalSolvers.svg.png  used on input line 77.
(pdftex.def)             Requested size: 341.43436pt x 132.4783pt.
 [20 <./chapters/2/StiffEquationNumericalSolvers.svg.png>] [21] [22] [23] [24] [25]
Overfull \hbox (42.92406pt too wide) detected at line 209
[]\OML/cmm/m/it/12 []y[] \OT1/cmr/m/n/12 + \OML/cmm/m/it/12 []y[] \OT1/cmr/m/n/12 + [] + \OML/cmm/m/it/12 []y[] \OT1/cmr/m/n/12 + \OML/cmm/m/it/12 []y[] \OT1/cmr/m/n/12 = \OML/cmm/m/it/12 h []
 []

[26] [27]
Overfull \hbox (2.01886pt too wide) detected at line 245
[]\OML/cmm/m/it/12 ^^\[] \OT1/cmr/m/n/12 = [] [] = \OML/cmm/m/it/12 ^^Lh [] c[]h[]y[]\OT1/cmr/m/n/12 (\OML/cmm/m/it/12 jh\OT1/cmr/m/n/12 )
 []


Overfull \hbox (21.40031pt too wide) detected at line 252
[]\OML/cmm/m/it/12 c[] \OT1/cmr/m/n/12 = [] \OML/cmm/m/it/12 [];  c[] \OT1/cmr/m/n/12 = [](\OML/cmm/m/it/12 j[] \OMS/cmsy/m/n/12 ^^@ \OML/cmm/m/it/12 ^^L[]\OT1/cmr/m/n/12 )\OML/cmm/m/it/12 ;  c[] \OT1/cmr/m/n/12 = [] [] \OML/cmm/m/it/12 ;  c[] \OT1/cmr/m/n/12 = [] []
 []

[28]

LaTeX Font Warning: Font shape `OT1/cmtt/m/n' in size <13> not available
(Font)              size <12> substituted on input line 271.

[29] [30]
Overfull \hbox (8.8337pt too wide) in paragraph at lines 315--316
[]\OT1/cmr/m/n/12 The col-lo-ca-tion method in-volves se-lect-ing a set of col-lo-ca-tion points $\OMS/cmsy/m/n/12 f\OML/cmm/m/it/12 x[]; x[]; [] ; x[]\OMS/cmsy/m/n/12 g$
 []

[31]) (chapters/3/chapter3.tex [32]
Chapter 3.
[33

] [34] [35] [36] [37]
LaTeX Font Info:    Trying to load font information for OMS+cmr on input line 177.
 (C:\Users\monda\AppData\Local\Programs\MiKTeX\tex/latex/base\omscmr.fd
File: omscmr.fd 2023/04/13 v2.5m Standard LaTeX font definitions
)
LaTeX Font Info:    Font shape `OMS/cmr/m/n' in size <10> not available
(Font)              Font shape `OMS/cmsy/m/n' tried instead on input line 177.
 [38] [39] [40] [41] [42] [43] [44] [45]
LaTeX Font Info:    Font shape `OT1/cmtt/bx/n' in size <13> not available
(Font)              Font shape `OT1/cmtt/m/n' tried instead on input line 446.


LaTeX Font Warning: Font shape `OT1/cmtt/m/n' in size <13> not available
(Font)              size <12> substituted on input line 446.


Overfull \hbox (7.09538pt too wide) in paragraph at lines 459--460
[]\OT1/cmr/m/n/12 Use Runge-Kutta method to com-pute the ini-tial value $\OML/cmm/m/it/12 y[]$ \OT1/cmr/m/n/12 and set $[][1]$. 
 []

[46] [47]) (chapters/4/chapter4.tex [48]
Chapter 4.
[49

]
Overfull \hbox (18.13332pt too wide) in paragraph at lines 41--42
[]\OT1/cmr/m/n/12 From the afore-men-tioned re-sults, it is ev-i-dent that all co-ef-fi-cients $\OML/cmm/m/it/12 c[]; c[]; c[]; c[]; c[]; c[]; c[]$
 []

[50]
<chapters/4/image/1.png, id=195, 971.88094pt x 569.12625pt>
File: chapters/4/image/1.png Graphic file (type png)
<use chapters/4/image/1.png>
Package pdftex.def Info: chapters/4/image/1.png  used on input line 72.
(pdftex.def)             Requested size: 426.79134pt x 249.92133pt.
<chapters/4/image/2.png, id=196, 955.31906pt x 532.23843pt>
File: chapters/4/image/2.png Graphic file (type png)
<use chapters/4/image/2.png>
Package pdftex.def Info: chapters/4/image/2.png  used on input line 78.
(pdftex.def)             Requested size: 426.79134pt x 237.77524pt.
 [51 <./chapters/4/image/1.png>]
<chapters/4/image/ab(2)a.png, id=201, 948.54375pt x 531.48563pt>
File: chapters/4/image/ab(2)a.png Graphic file (type png)
<use chapters/4/image/ab(2)a.png>
Package pdftex.def Info: chapters/4/image/ab(2)a.png  used on input line 111.
(pdftex.def)             Requested size: 426.79134pt x 239.13388pt.
<chapters/4/image/ab(2)b.png, id=202, 948.54375pt x 533.74406pt>
File: chapters/4/image/ab(2)b.png Graphic file (type png)
<use chapters/4/image/ab(2)b.png>
Package pdftex.def Info: chapters/4/image/ab(2)b.png  used on input line 117.
(pdftex.def)             Requested size: 426.79134pt x 240.15002pt.
<chapters/4/image/ab(4)b.png, id=203, 949.29657pt x 527.72156pt>
File: chapters/4/image/ab(4)b.png Graphic file (type png)
<use chapters/4/image/ab(4)b.png>
Package pdftex.def Info: chapters/4/image/ab(4)b.png  used on input line 123.
(pdftex.def)             Requested size: 426.79134pt x 237.2551pt.
<chapters/4/image/ab(6).png, id=204, 952.30782pt x 529.98pt>
File: chapters/4/image/ab(6).png Graphic file (type png)
<use chapters/4/image/ab(6).png>
Package pdftex.def Info: chapters/4/image/ab(6).png  used on input line 129.
(pdftex.def)             Requested size: 426.79134pt x 237.51836pt.
<chapters/4/image/am(3)a.png, id=205, 947.03813pt x 524.71031pt>
File: chapters/4/image/am(3)a.png Graphic file (type png)
<use chapters/4/image/am(3)a.png>
Package pdftex.def Info: chapters/4/image/am(3)a.png  used on input line 138.
(pdftex.def)             Requested size: 426.79134pt x 236.46173pt.
<chapters/4/image/am(3)b.png, id=206, 951.555pt x 539.01375pt>
File: chapters/4/image/am(3)b.png Graphic file (type png)
<use chapters/4/image/am(3)b.png>
Package pdftex.def Info: chapters/4/image/am(3)b.png  used on input line 144.
(pdftex.def)             Requested size: 426.79134pt x 241.75615pt.
<chapters/4/image/am(7)a.png, id=207, 1927.2pt x 1084.05pt>
File: chapters/4/image/am(7)a.png Graphic file (type png)
<use chapters/4/image/am(7)a.png>
Package pdftex.def Info: chapters/4/image/am(7)a.png  used on input line 150.
(pdftex.def)             Requested size: 426.79134pt x 240.06316pt.
<chapters/4/image/am(7)b.png, id=208, 955.31906pt x 539.01375pt>
File: chapters/4/image/am(7)b.png Graphic file (type png)
<use chapters/4/image/am(7)b.png>
Package pdftex.def Info: chapters/4/image/am(7)b.png  used on input line 156.
(pdftex.def)             Requested size: 426.79134pt x 240.80208pt.
 [52 <./chapters/4/image/2.png>] [53 <./chapters/4/image/ab(2)a.png> <./chapters/4/image/ab(2)b.png>] [54 <./chapters/4/image/ab(4)b.png> <./chapters/4/image/ab(6).png>] [55 <./chapters/4/image/am(3)a.png> <./chapters/4/image/am(3)b.png>] [56 <./chapters/4/image/am(7)a.png> <./chapters/4/image/am(7)b.png>]
Overfull \hbox (97.364pt too wide) detected at line 198
[]
 []

[57] [58]
<chapters/4/image/5.png, id=240, 948.54375pt x 535.2497pt>
File: chapters/4/image/5.png Graphic file (type png)
<use chapters/4/image/5.png>
Package pdftex.def Info: chapters/4/image/5.png  used on input line 241.
(pdftex.def)             Requested size: 426.79134pt x 240.82747pt.
<chapters/4/image/6.png, id=241, 951.555pt x 531.48563pt>
File: chapters/4/image/6.png Graphic file (type png)
<use chapters/4/image/6.png>
Package pdftex.def Info: chapters/4/image/6.png  used on input line 247.
(pdftex.def)             Requested size: 426.79134pt x 238.37967pt.
 [59] [60 <./chapters/4/image/5.png> <./chapters/4/image/6.png>]
<chapters/4/image/solver_3.png, id=251, 956.82469pt x 537.50812pt>
File: chapters/4/image/solver_3.png Graphic file (type png)
<use chapters/4/image/solver_3.png>
Package pdftex.def Info: chapters/4/image/solver_3.png  used on input line 308.
(pdftex.def)             Requested size: 426.79134pt x 239.75217pt.
<chapters/4/image/solver_2.png, id=252, 1927.2pt x 1084.05pt>
File: chapters/4/image/solver_2.png Graphic file (type png)
<use chapters/4/image/solver_2.png>
Package pdftex.def Info: chapters/4/image/solver_2.png  used on input line 314.
(pdftex.def)             Requested size: 426.79134pt x 240.06316pt.
 [61] [62 <./chapters/4/image/solver_3.png> <./chapters/4/image/solver_2.png>]
Overfull \hbox (19.93153pt too wide) in paragraph at lines 324--324
|[]\OT1/cmr/bx/n/14.4 Implicit Method(Predictor-Corrector Al-go-rithm): Adams-
 []

<chapters/4/image/solver_4.png, id=262, 743.02594pt x 377.15906pt>
File: chapters/4/image/solver_4.png Graphic file (type png)
<use chapters/4/image/solver_4.png>
Package pdftex.def Info: chapters/4/image/solver_4.png  used on input line 346.
(pdftex.def)             Requested size: 426.79134pt x 216.64034pt.
<chapters/4/image/solver_5.png, id=263, 1927.2pt x 1084.05pt>
File: chapters/4/image/solver_5.png Graphic file (type png)
<use chapters/4/image/solver_5.png>
Package pdftex.def Info: chapters/4/image/solver_5.png  used on input line 354.
(pdftex.def)             Requested size: 426.79134pt x 240.06316pt.
<chapters/4/image/solver_6.png, id=264, 959.83594pt x 536.75531pt>
File: chapters/4/image/solver_6.png Graphic file (type png)
<use chapters/4/image/solver_6.png>
Package pdftex.def Info: chapters/4/image/solver_6.png  used on input line 364.
(pdftex.def)             Requested size: 426.79134pt x 238.67107pt.
<chapters/4/image/solver_7.png, id=265, 953.81343pt x 537.50812pt>
File: chapters/4/image/solver_7.png Graphic file (type png)
<use chapters/4/image/solver_7.png>
Package pdftex.def Info: chapters/4/image/solver_7.png  used on input line 371.
(pdftex.def)             Requested size: 426.79134pt x 240.51494pt.
[63] [64 <./chapters/4/image/solver_4.png> <./chapters/4/image/solver_5.png>] [65 <./chapters/4/image/solver_6.png> <./chapters/4/image/solver_7.png>]
<chapters/4/image/stiifa.png, id=280, 953.06062pt x 537.50812pt>
File: chapters/4/image/stiifa.png Graphic file (type png)
<use chapters/4/image/stiifa.png>
Package pdftex.def Info: chapters/4/image/stiifa.png  used on input line 397.
(pdftex.def)             Requested size: 426.79134pt x 240.70357pt.
<chapters/4/image/stiffb.png, id=281, 950.80219pt x 532.23843pt>
File: chapters/4/image/stiffb.png Graphic file (type png)
<use chapters/4/image/stiffb.png>
Package pdftex.def Info: chapters/4/image/stiffb.png  used on input line 404.
(pdftex.def)             Requested size: 426.79134pt x 238.91222pt.
 [66 <./chapters/4/image/stiifa.png>]) (chapters/5/chapter5.tex [67 <./chapters/4/image/stiffb.png>]
Chapter 5.
[68

] [69] [70]) (fyp.bbl [71]
Underfull \hbox (badness 1661) in paragraph at lines 176--192
\OT1/cmr/m/it/10 gence Sta-bil-ity.  \OT1/cmr/m/n/10 On-line.  Re-trieved from $\OT1/cmtt/m/n/10 https :// john [] -s [] -butler [] -dit [] .github [] .io /
 []


Underfull \hbox (badness 10000) in paragraph at lines 176--192
\OT1/cmtt/m/n/10 NumericalAnalysisBook / Chapter % 2005 % 20 [] - % 20IVP % 20Consistent % 20Convergence %
 []

[72

]
Underfull \hbox (badness 1960) in paragraph at lines 799--814
[]\OT1/cmr/m/n/10 Wikipedia con-trib-u-tors.  (2023a).  \OT1/cmr/m/it/10 Col-lo-ca-tion method --- Wikipedia, the free en-cy-clo-
 []


Underfull \hbox (badness 1400) in paragraph at lines 799--814
\OT1/cmr/m/it/10 pe-dia.  \OT1/cmr/m/n/10 Re-trieved from $\OT1/cmtt/m/n/10 https :// en [] .wikipedia [] .org / w / index [] .php [] ?title = Collocation []
 []

[73]
Underfull \hbox (badness 4531) in paragraph at lines 854--870
[]\OT1/cmr/m/n/10 Wikiversity.  (2019).  \OT1/cmr/m/it/10 Nu-mer-i-cal anal-y-sis/sta-bil-ity of mul-ti-step meth-ods --- wikiver-
 []

) [74] (fyp.aux)
 ***********
LaTeX2e <2023-11-01>
L3 programming layer <2023-11-01>
 ***********


LaTeX Font Warning: Size substitutions with differences
(Font)              up to 1.0pt have occurred.

 ) 
Here is how much of TeX's memory you used:
 7604 strings out of 474592
 122386 string characters out of 5745799
 1952533 words of memory out of 5000000
 29617 multiletter control sequences out of 15000+600000
 571699 words of font info for 88 fonts, out of 8000000 for 9000
 1141 hyphenation exceptions out of 8191
 79i,12n,93p,1143b,583s stack positions out of 10000i,1000n,20000p,200000b,200000s
 <C:\Users\monda\AppData\Local\MiKTeX\fonts/pk/ljfour/jknappen/ec/dpi600\tcrm1000.pk> <C:\Users\monda\AppData\Local\MiKTeX\fonts/pk/ljfour/jknappen/ec/dpi600\tcrm1200.pk><C:/Users/monda/AppData/Local/Programs/MiKTeX/fonts/type1/public/amsfonts/cm/cmbx10.pfb><C:/Users/monda/AppData/Local/Programs/MiKTeX/fonts/type1/public/amsfonts/cm/cmbx12.pfb><C:/Users/monda/AppData/Local/Programs/MiKTeX/fonts/type1/public/amsfonts/cm/cmcsc10.pfb><C:/Users/monda/AppData/Local/Programs/MiKTeX/fonts/type1/public/amsfonts/cm/cmex10.pfb><C:/Users/monda/AppData/Local/Programs/MiKTeX/fonts/type1/public/amsfonts/cm/cmmi10.pfb><C:/Users/monda/AppData/Local/Programs/MiKTeX/fonts/type1/public/amsfonts/cm/cmmi12.pfb><C:/Users/monda/AppData/Local/Programs/MiKTeX/fonts/type1/public/amsfonts/cm/cmmi5.pfb><C:/Users/monda/AppData/Local/Programs/MiKTeX/fonts/type1/public/amsfonts/cm/cmmi7.pfb><C:/Users/monda/AppData/Local/Programs/MiKTeX/fonts/type1/public/amsfonts/cm/cmmi9.pfb><C:/Users/monda/AppData/Local/Programs/MiKTeX/fonts/type1/public/amsfonts/cm/cmr10.pfb><C:/Users/monda/AppData/Local/Programs/MiKTeX/fonts/type1/public/amsfonts/cm/cmr12.pfb><C:/Users/monda/AppData/Local/Programs/MiKTeX/fonts/type1/public/amsfonts/cm/cmr5.pfb><C:/Users/monda/AppData/Local/Programs/MiKTeX/fonts/type1/public/amsfonts/cm/cmr6.pfb><C:/Users/monda/AppData/Local/Programs/MiKTeX/fonts/type1/public/amsfonts/cm/cmr7.pfb><C:/Users/monda/AppData/Local/Programs/MiKTeX/fonts/type1/public/amsfonts/cm/cmr8.pfb><C:/Users/monda/AppData/Local/Programs/MiKTeX/fonts/type1/public/amsfonts/cm/cmr9.pfb><C:/Users/monda/AppData/Local/Programs/MiKTeX/fonts/type1/public/amsfonts/cm/cmsl12.pfb><C:/Users/monda/AppData/Local/Programs/MiKTeX/fonts/type1/public/amsfonts/cm/cmsy10.pfb><C:/Users/monda/AppData/Local/Programs/MiKTeX/fonts/type1/public/amsfonts/cm/cmsy5.pfb><C:/Users/monda/AppData/Local/Programs/MiKTeX/fonts/type1/public/amsfonts/cm/cmsy7.pfb><C:/Users/monda/AppData/Local/Programs/MiKTeX/fonts/type1/public/amsfonts/cm/cmsy9.pfb><C:/Users/monda/AppData/Local/Programs/MiKTeX/fonts/type1/public/amsfonts/cm/cmti10.pfb><C:/Users/monda/AppData/Local/Programs/MiKTeX/fonts/type1/public/amsfonts/cm/cmti12.pfb><C:/Users/monda/AppData/Local/Programs/MiKTeX/fonts/type1/public/amsfonts/cm/cmtt10.pfb><C:/Users/monda/AppData/Local/Programs/MiKTeX/fonts/type1/public/amsfonts/cm/cmtt12.pfb>
Output written on fyp.pdf (76 pages, 1480188 bytes).
PDF statistics:
 429 PDF objects out of 1000 (max. 8388607)
 0 named destinations out of 1000 (max. 500000)
 111 words of extra memory for PDF output out of 10000 (max. 10000000)

